2023-05-19 00:00:06 [restartedMain] INFO  c.e.hotellove.HotelLoveApplication - Starting HotelLoveApplication using Java 17.0.4.1 on PC_ACER with PID 960 (D:\Hotel-Love\target\classes started by ntd17 in D:\Hotel-Love)
2023-05-19 00:00:06 [restartedMain] INFO  c.e.hotellove.HotelLoveApplication - No active profile set, falling back to 1 default profile: "default"
2023-05-19 00:00:06 [restartedMain] INFO  o.s.b.d.e.DevToolsPropertyDefaultsPostProcessor - Devtools property defaults active! Set 'spring.devtools.add-properties' to 'false' to disable
2023-05-19 00:00:06 [restartedMain] INFO  o.s.b.d.e.DevToolsPropertyDefaultsPostProcessor - For additional web related logging consider setting the 'logging.level.web' property to 'DEBUG'
2023-05-19 00:00:07 [restartedMain] INFO  o.s.d.r.c.RepositoryConfigurationDelegate - Bootstrapping Spring Data MongoDB repositories in DEFAULT mode.
2023-05-19 00:00:07 [restartedMain] INFO  o.s.d.r.c.RepositoryConfigurationDelegate - Finished Spring Data repository scanning in 74 ms. Found 3 MongoDB repository interfaces.
2023-05-19 00:00:08 [restartedMain] INFO  o.s.b.w.e.tomcat.TomcatWebServer - Tomcat initialized with port(s): 8080 (http)
2023-05-19 00:00:08 [restartedMain] INFO  o.a.catalina.core.StandardService - Starting service [Tomcat]
2023-05-19 00:00:08 [restartedMain] INFO  o.a.catalina.core.StandardEngine - Starting Servlet engine: [Apache Tomcat/9.0.75]
2023-05-19 00:00:08 [restartedMain] INFO  o.a.c.c.C.[Tomcat].[localhost].[/] - Initializing Spring embedded WebApplicationContext
2023-05-19 00:00:08 [restartedMain] INFO  o.s.b.w.s.c.ServletWebServerApplicationContext - Root WebApplicationContext: initialization completed in 1316 ms
2023-05-19 00:00:08 [restartedMain] INFO  org.mongodb.driver.client - MongoClient with metadata {"driver": {"name": "mongo-java-driver|sync|spring-boot", "version": "4.6.1"}, "os": {"type": "Windows", "name": "Windows 11", "architecture": "amd64", "version": "10.0"}, "platform": "Java/Oracle Corporation/17.0.4.1+1-LTS-2"} created with settings MongoClientSettings{readPreference=primary, writeConcern=WriteConcern{w=null, wTimeout=null ms, journal=null}, retryWrites=true, retryReads=true, readConcern=ReadConcern{level=null}, credential=null, streamFactoryFactory=null, commandListeners=[], codecRegistry=ProvidersCodecRegistry{codecProviders=[ValueCodecProvider{}, BsonValueCodecProvider{}, DBRefCodecProvider{}, DBObjectCodecProvider{}, DocumentCodecProvider{}, IterableCodecProvider{}, MapCodecProvider{}, GeoJsonCodecProvider{}, GridFSFileCodecProvider{}, Jsr310CodecProvider{}, JsonObjectCodecProvider{}, BsonCodecProvider{}, EnumCodecProvider{}, com.mongodb.Jep395RecordCodecProvider@4683790a]}, clusterSettings={hosts=[localhost:27017], srvServiceName=mongodb, mode=SINGLE, requiredClusterType=UNKNOWN, requiredReplicaSetName='null', serverSelector='null', clusterListeners='[]', serverSelectionTimeout='30000 ms', localThreshold='30000 ms'}, socketSettings=SocketSettings{connectTimeoutMS=10000, readTimeoutMS=0, receiveBufferSize=0, sendBufferSize=0}, heartbeatSocketSettings=SocketSettings{connectTimeoutMS=10000, readTimeoutMS=10000, receiveBufferSize=0, sendBufferSize=0}, connectionPoolSettings=ConnectionPoolSettings{maxSize=100, minSize=0, maxWaitTimeMS=120000, maxConnectionLifeTimeMS=0, maxConnectionIdleTimeMS=0, maintenanceInitialDelayMS=0, maintenanceFrequencyMS=60000, connectionPoolListeners=[], maxConnecting=2}, serverSettings=ServerSettings{heartbeatFrequencyMS=10000, minHeartbeatFrequencyMS=500, serverListeners='[]', serverMonitorListeners='[]'}, sslSettings=SslSettings{enabled=false, invalidHostNameAllowed=false, context=null}, applicationName='null', compressorList=[], uuidRepresentation=JAVA_LEGACY, serverApi=null, autoEncryptionSettings=null, contextProvider=null}
2023-05-19 00:00:08 [cluster-ClusterId{value='64665998856c0614f1b6e02b', description='null'}-localhost:27017] INFO  org.mongodb.driver.connection - Opened connection [connectionId{localValue:1, serverValue:26}] to localhost:27017
2023-05-19 00:00:08 [cluster-rtt-ClusterId{value='64665998856c0614f1b6e02b', description='null'}-localhost:27017] INFO  org.mongodb.driver.connection - Opened connection [connectionId{localValue:2, serverValue:25}] to localhost:27017
2023-05-19 00:00:08 [cluster-ClusterId{value='64665998856c0614f1b6e02b', description='null'}-localhost:27017] INFO  org.mongodb.driver.cluster - Monitor thread successfully connected to server with description ServerDescription{address=localhost:27017, type=STANDALONE, state=CONNECTED, ok=true, minWireVersion=0, maxWireVersion=17, maxDocumentSize=16777216, logicalSessionTimeoutMinutes=30, roundTripTimeNanos=23263500}
2023-05-19 00:00:08 [restartedMain] INFO  o.s.b.d.a.OptionalLiveReloadServer - LiveReload server is running on port 35729
2023-05-19 00:00:09 [restartedMain] INFO  o.s.s.web.DefaultSecurityFilterChain - Will secure any request with [org.springframework.security.web.session.DisableEncodeUrlFilter@40b26daf, org.springframework.security.web.context.request.async.WebAsyncManagerIntegrationFilter@21a618, org.springframework.security.web.context.SecurityContextPersistenceFilter@70a5108f, org.springframework.security.web.header.HeaderWriterFilter@64a2138b, org.springframework.security.web.authentication.logout.LogoutFilter@6d77ae16, com.example.hotellove.securities.JwtTokenFilter@73f4d838, org.springframework.security.web.savedrequest.RequestCacheAwareFilter@7b6051f1, org.springframework.security.web.servletapi.SecurityContextHolderAwareRequestFilter@6438b112, org.springframework.security.web.authentication.AnonymousAuthenticationFilter@5c09c8b1, org.springframework.security.web.session.SessionManagementFilter@4d1dd56f, org.springframework.security.web.access.ExceptionTranslationFilter@5c4c4364, org.springframework.security.web.access.intercept.AuthorizationFilter@50921831]
2023-05-19 00:00:09 [restartedMain] INFO  o.s.b.w.e.tomcat.TomcatWebServer - Tomcat started on port(s): 8080 (http) with context path ''
2023-05-19 00:00:09 [restartedMain] INFO  c.e.hotellove.HotelLoveApplication - Started HotelLoveApplication in 3.121 seconds (JVM running for 3.937)
2023-05-19 00:00:09 [restartedMain] INFO  org.mongodb.driver.connection - Opened connection [connectionId{localValue:3, serverValue:27}] to localhost:27017
2023-05-19 00:00:15 [http-nio-8080-exec-1] INFO  o.a.c.c.C.[Tomcat].[localhost].[/] - Initializing Spring DispatcherServlet 'dispatcherServlet'
2023-05-19 00:00:15 [http-nio-8080-exec-1] INFO  o.s.web.servlet.DispatcherServlet - Initializing Servlet 'dispatcherServlet'
2023-05-19 00:00:15 [http-nio-8080-exec-1] INFO  o.s.web.servlet.DispatcherServlet - Completed initialization in 1 ms
2023-05-19 00:00:16 [http-nio-8080-exec-1] WARN  o.s.w.s.m.a.ResponseStatusExceptionResolver - Resolved [com.example.hotellove.exceptions.InvalidException: Email Phong Thường đã tồn tại]
2023-05-19 00:01:03 [http-nio-8080-exec-6] WARN  o.s.w.s.m.a.ResponseStatusExceptionResolver - Resolved [com.example.hotellove.exceptions.InvalidException: Email 2011011@student.hcmute.edu.vn đã tồn tại]
2023-05-19 00:01:15 [http-nio-8080-exec-7] WARN  o.s.w.s.m.a.ResponseStatusExceptionResolver - Resolved [com.example.hotellove.exceptions.InvalidException: Email 20110111@student.hcmute.edu.vn đã tồn tại]
2023-05-19 00:01:26 [http-nio-8080-exec-9] WARN  o.s.w.s.m.a.ResponseStatusExceptionResolver - Resolved [com.example.hotellove.exceptions.InvalidException: Tên tài khoản không được bỏ trống]
2023-05-19 00:03:26 [restartedMain] INFO  c.e.hotellove.HotelLoveApplication - Starting HotelLoveApplication using Java 17.0.4.1 on PC_ACER with PID 21260 (D:\Hotel-Love\target\classes started by ntd17 in D:\Hotel-Love)
2023-05-19 00:03:26 [restartedMain] INFO  c.e.hotellove.HotelLoveApplication - No active profile set, falling back to 1 default profile: "default"
2023-05-19 00:03:26 [restartedMain] INFO  o.s.b.d.e.DevToolsPropertyDefaultsPostProcessor - Devtools property defaults active! Set 'spring.devtools.add-properties' to 'false' to disable
2023-05-19 00:03:26 [restartedMain] INFO  o.s.b.d.e.DevToolsPropertyDefaultsPostProcessor - For additional web related logging consider setting the 'logging.level.web' property to 'DEBUG'
2023-05-19 00:03:27 [restartedMain] INFO  o.s.d.r.c.RepositoryConfigurationDelegate - Bootstrapping Spring Data MongoDB repositories in DEFAULT mode.
2023-05-19 00:03:27 [restartedMain] INFO  o.s.d.r.c.RepositoryConfigurationDelegate - Finished Spring Data repository scanning in 54 ms. Found 3 MongoDB repository interfaces.
2023-05-19 00:03:27 [restartedMain] INFO  o.s.b.w.e.tomcat.TomcatWebServer - Tomcat initialized with port(s): 8080 (http)
2023-05-19 00:03:27 [restartedMain] INFO  o.a.catalina.core.StandardService - Starting service [Tomcat]
2023-05-19 00:03:27 [restartedMain] INFO  o.a.catalina.core.StandardEngine - Starting Servlet engine: [Apache Tomcat/9.0.75]
2023-05-19 00:03:27 [restartedMain] INFO  o.a.c.c.C.[Tomcat].[localhost].[/] - Initializing Spring embedded WebApplicationContext
2023-05-19 00:03:27 [restartedMain] INFO  o.s.b.w.s.c.ServletWebServerApplicationContext - Root WebApplicationContext: initialization completed in 1235 ms
2023-05-19 00:03:28 [restartedMain] INFO  org.mongodb.driver.client - MongoClient with metadata {"driver": {"name": "mongo-java-driver|sync|spring-boot", "version": "4.6.1"}, "os": {"type": "Windows", "name": "Windows 11", "architecture": "amd64", "version": "10.0"}, "platform": "Java/Oracle Corporation/17.0.4.1+1-LTS-2"} created with settings MongoClientSettings{readPreference=primary, writeConcern=WriteConcern{w=null, wTimeout=null ms, journal=null}, retryWrites=true, retryReads=true, readConcern=ReadConcern{level=null}, credential=null, streamFactoryFactory=null, commandListeners=[], codecRegistry=ProvidersCodecRegistry{codecProviders=[ValueCodecProvider{}, BsonValueCodecProvider{}, DBRefCodecProvider{}, DBObjectCodecProvider{}, DocumentCodecProvider{}, IterableCodecProvider{}, MapCodecProvider{}, GeoJsonCodecProvider{}, GridFSFileCodecProvider{}, Jsr310CodecProvider{}, JsonObjectCodecProvider{}, BsonCodecProvider{}, EnumCodecProvider{}, com.mongodb.Jep395RecordCodecProvider@5ee7d4e5]}, clusterSettings={hosts=[localhost:27017], srvServiceName=mongodb, mode=SINGLE, requiredClusterType=UNKNOWN, requiredReplicaSetName='null', serverSelector='null', clusterListeners='[]', serverSelectionTimeout='30000 ms', localThreshold='30000 ms'}, socketSettings=SocketSettings{connectTimeoutMS=10000, readTimeoutMS=0, receiveBufferSize=0, sendBufferSize=0}, heartbeatSocketSettings=SocketSettings{connectTimeoutMS=10000, readTimeoutMS=10000, receiveBufferSize=0, sendBufferSize=0}, connectionPoolSettings=ConnectionPoolSettings{maxSize=100, minSize=0, maxWaitTimeMS=120000, maxConnectionLifeTimeMS=0, maxConnectionIdleTimeMS=0, maintenanceInitialDelayMS=0, maintenanceFrequencyMS=60000, connectionPoolListeners=[], maxConnecting=2}, serverSettings=ServerSettings{heartbeatFrequencyMS=10000, minHeartbeatFrequencyMS=500, serverListeners='[]', serverMonitorListeners='[]'}, sslSettings=SslSettings{enabled=false, invalidHostNameAllowed=false, context=null}, applicationName='null', compressorList=[], uuidRepresentation=JAVA_LEGACY, serverApi=null, autoEncryptionSettings=null, contextProvider=null}
2023-05-19 00:03:28 [cluster-rtt-ClusterId{value='64665a607316071ff54365d7', description='null'}-localhost:27017] INFO  org.mongodb.driver.connection - Opened connection [connectionId{localValue:2, serverValue:28}] to localhost:27017
2023-05-19 00:03:28 [cluster-ClusterId{value='64665a607316071ff54365d7', description='null'}-localhost:27017] INFO  org.mongodb.driver.connection - Opened connection [connectionId{localValue:1, serverValue:29}] to localhost:27017
2023-05-19 00:03:28 [cluster-ClusterId{value='64665a607316071ff54365d7', description='null'}-localhost:27017] INFO  org.mongodb.driver.cluster - Monitor thread successfully connected to server with description ServerDescription{address=localhost:27017, type=STANDALONE, state=CONNECTED, ok=true, minWireVersion=0, maxWireVersion=17, maxDocumentSize=16777216, logicalSessionTimeoutMinutes=30, roundTripTimeNanos=25628400}
2023-05-19 00:03:28 [restartedMain] INFO  o.s.b.d.a.OptionalLiveReloadServer - LiveReload server is running on port 35729
2023-05-19 00:03:28 [restartedMain] INFO  o.s.s.web.DefaultSecurityFilterChain - Will secure any request with [org.springframework.security.web.session.DisableEncodeUrlFilter@5bb9c658, org.springframework.security.web.context.request.async.WebAsyncManagerIntegrationFilter@3b18cfb3, org.springframework.security.web.context.SecurityContextPersistenceFilter@74f64dd, org.springframework.security.web.header.HeaderWriterFilter@9f774f, org.springframework.security.web.authentication.logout.LogoutFilter@3500bd59, com.example.hotellove.securities.JwtTokenFilter@42d94475, org.springframework.security.web.savedrequest.RequestCacheAwareFilter@241935a8, org.springframework.security.web.servletapi.SecurityContextHolderAwareRequestFilter@55b84158, org.springframework.security.web.authentication.AnonymousAuthenticationFilter@40b98c41, org.springframework.security.web.session.SessionManagementFilter@26de8022, org.springframework.security.web.access.ExceptionTranslationFilter@3b85c37c, org.springframework.security.web.access.intercept.AuthorizationFilter@391b3b5f]
2023-05-19 00:03:29 [restartedMain] INFO  o.s.b.w.e.tomcat.TomcatWebServer - Tomcat started on port(s): 8080 (http) with context path ''
2023-05-19 00:03:29 [restartedMain] INFO  c.e.hotellove.HotelLoveApplication - Started HotelLoveApplication in 2.807 seconds (JVM running for 3.542)
2023-05-19 00:03:29 [restartedMain] INFO  org.mongodb.driver.connection - Opened connection [connectionId{localValue:3, serverValue:30}] to localhost:27017
2023-05-19 00:03:37 [http-nio-8080-exec-1] INFO  o.a.c.c.C.[Tomcat].[localhost].[/] - Initializing Spring DispatcherServlet 'dispatcherServlet'
2023-05-19 00:03:37 [http-nio-8080-exec-1] INFO  o.s.web.servlet.DispatcherServlet - Initializing Servlet 'dispatcherServlet'
2023-05-19 00:03:37 [http-nio-8080-exec-1] INFO  o.s.web.servlet.DispatcherServlet - Completed initialization in 1 ms
2023-05-19 00:04:14 [restartedMain] INFO  c.e.hotellove.HotelLoveApplication - Starting HotelLoveApplication using Java 17.0.4.1 on PC_ACER with PID 12900 (D:\Hotel-Love\target\classes started by ntd17 in D:\Hotel-Love)
2023-05-19 00:04:14 [restartedMain] INFO  c.e.hotellove.HotelLoveApplication - No active profile set, falling back to 1 default profile: "default"
2023-05-19 00:04:14 [restartedMain] INFO  o.s.b.d.e.DevToolsPropertyDefaultsPostProcessor - Devtools property defaults active! Set 'spring.devtools.add-properties' to 'false' to disable
2023-05-19 00:04:14 [restartedMain] INFO  o.s.b.d.e.DevToolsPropertyDefaultsPostProcessor - For additional web related logging consider setting the 'logging.level.web' property to 'DEBUG'
2023-05-19 00:04:15 [restartedMain] INFO  o.s.d.r.c.RepositoryConfigurationDelegate - Bootstrapping Spring Data MongoDB repositories in DEFAULT mode.
2023-05-19 00:04:15 [restartedMain] INFO  o.s.d.r.c.RepositoryConfigurationDelegate - Finished Spring Data repository scanning in 46 ms. Found 3 MongoDB repository interfaces.
2023-05-19 00:04:15 [restartedMain] INFO  o.s.b.w.e.tomcat.TomcatWebServer - Tomcat initialized with port(s): 8080 (http)
2023-05-19 00:04:15 [restartedMain] INFO  o.a.catalina.core.StandardService - Starting service [Tomcat]
2023-05-19 00:04:15 [restartedMain] INFO  o.a.catalina.core.StandardEngine - Starting Servlet engine: [Apache Tomcat/9.0.75]
2023-05-19 00:04:15 [restartedMain] INFO  o.a.c.c.C.[Tomcat].[localhost].[/] - Initializing Spring embedded WebApplicationContext
2023-05-19 00:04:15 [restartedMain] INFO  o.s.b.w.s.c.ServletWebServerApplicationContext - Root WebApplicationContext: initialization completed in 1120 ms
2023-05-19 00:04:16 [restartedMain] INFO  org.mongodb.driver.client - MongoClient with metadata {"driver": {"name": "mongo-java-driver|sync|spring-boot", "version": "4.6.1"}, "os": {"type": "Windows", "name": "Windows 11", "architecture": "amd64", "version": "10.0"}, "platform": "Java/Oracle Corporation/17.0.4.1+1-LTS-2"} created with settings MongoClientSettings{readPreference=primary, writeConcern=WriteConcern{w=null, wTimeout=null ms, journal=null}, retryWrites=true, retryReads=true, readConcern=ReadConcern{level=null}, credential=null, streamFactoryFactory=null, commandListeners=[], codecRegistry=ProvidersCodecRegistry{codecProviders=[ValueCodecProvider{}, BsonValueCodecProvider{}, DBRefCodecProvider{}, DBObjectCodecProvider{}, DocumentCodecProvider{}, IterableCodecProvider{}, MapCodecProvider{}, GeoJsonCodecProvider{}, GridFSFileCodecProvider{}, Jsr310CodecProvider{}, JsonObjectCodecProvider{}, BsonCodecProvider{}, EnumCodecProvider{}, com.mongodb.Jep395RecordCodecProvider@1e379c86]}, clusterSettings={hosts=[localhost:27017], srvServiceName=mongodb, mode=SINGLE, requiredClusterType=UNKNOWN, requiredReplicaSetName='null', serverSelector='null', clusterListeners='[]', serverSelectionTimeout='30000 ms', localThreshold='30000 ms'}, socketSettings=SocketSettings{connectTimeoutMS=10000, readTimeoutMS=0, receiveBufferSize=0, sendBufferSize=0}, heartbeatSocketSettings=SocketSettings{connectTimeoutMS=10000, readTimeoutMS=10000, receiveBufferSize=0, sendBufferSize=0}, connectionPoolSettings=ConnectionPoolSettings{maxSize=100, minSize=0, maxWaitTimeMS=120000, maxConnectionLifeTimeMS=0, maxConnectionIdleTimeMS=0, maintenanceInitialDelayMS=0, maintenanceFrequencyMS=60000, connectionPoolListeners=[], maxConnecting=2}, serverSettings=ServerSettings{heartbeatFrequencyMS=10000, minHeartbeatFrequencyMS=500, serverListeners='[]', serverMonitorListeners='[]'}, sslSettings=SslSettings{enabled=false, invalidHostNameAllowed=false, context=null}, applicationName='null', compressorList=[], uuidRepresentation=JAVA_LEGACY, serverApi=null, autoEncryptionSettings=null, contextProvider=null}
2023-05-19 00:04:16 [cluster-ClusterId{value='64665a9053081940f289274d', description='null'}-localhost:27017] INFO  org.mongodb.driver.connection - Opened connection [connectionId{localValue:1, serverValue:31}] to localhost:27017
2023-05-19 00:04:16 [cluster-rtt-ClusterId{value='64665a9053081940f289274d', description='null'}-localhost:27017] INFO  org.mongodb.driver.connection - Opened connection [connectionId{localValue:2, serverValue:32}] to localhost:27017
2023-05-19 00:04:16 [cluster-ClusterId{value='64665a9053081940f289274d', description='null'}-localhost:27017] INFO  org.mongodb.driver.cluster - Monitor thread successfully connected to server with description ServerDescription{address=localhost:27017, type=STANDALONE, state=CONNECTED, ok=true, minWireVersion=0, maxWireVersion=17, maxDocumentSize=16777216, logicalSessionTimeoutMinutes=30, roundTripTimeNanos=18054500}
2023-05-19 00:04:16 [restartedMain] INFO  o.s.b.d.a.OptionalLiveReloadServer - LiveReload server is running on port 35729
2023-05-19 00:04:16 [restartedMain] INFO  o.s.s.web.DefaultSecurityFilterChain - Will secure any request with [org.springframework.security.web.session.DisableEncodeUrlFilter@5fa1abf3, org.springframework.security.web.context.request.async.WebAsyncManagerIntegrationFilter@111cc0ab, org.springframework.security.web.context.SecurityContextPersistenceFilter@391b3b5f, org.springframework.security.web.header.HeaderWriterFilter@1350b6d9, org.springframework.security.web.authentication.logout.LogoutFilter@6bc33527, com.example.hotellove.securities.JwtTokenFilter@158c8acf, org.springframework.security.web.savedrequest.RequestCacheAwareFilter@43d3b9a4, org.springframework.security.web.servletapi.SecurityContextHolderAwareRequestFilter@5bb9c658, org.springframework.security.web.authentication.AnonymousAuthenticationFilter@3bf1ac31, org.springframework.security.web.session.SessionManagementFilter@75246dd, org.springframework.security.web.access.ExceptionTranslationFilter@7df77a49, org.springframework.security.web.access.intercept.AuthorizationFilter@1daa6b3f]
2023-05-19 00:04:16 [restartedMain] INFO  o.s.b.w.e.tomcat.TomcatWebServer - Tomcat started on port(s): 8080 (http) with context path ''
2023-05-19 00:04:17 [restartedMain] INFO  c.e.hotellove.HotelLoveApplication - Started HotelLoveApplication in 2.598 seconds (JVM running for 3.314)
2023-05-19 00:04:17 [restartedMain] INFO  org.mongodb.driver.connection - Opened connection [connectionId{localValue:3, serverValue:33}] to localhost:27017
2023-05-19 00:11:45 [restartedMain] INFO  c.e.hotellove.HotelLoveApplication - Starting HotelLoveApplication using Java 17.0.4.1 on PC_ACER with PID 21016 (D:\Hotel-Love\target\classes started by ntd17 in D:\Hotel-Love)
2023-05-19 00:11:45 [restartedMain] INFO  c.e.hotellove.HotelLoveApplication - No active profile set, falling back to 1 default profile: "default"
2023-05-19 00:11:46 [restartedMain] INFO  o.s.b.d.e.DevToolsPropertyDefaultsPostProcessor - Devtools property defaults active! Set 'spring.devtools.add-properties' to 'false' to disable
2023-05-19 00:11:46 [restartedMain] INFO  o.s.b.d.e.DevToolsPropertyDefaultsPostProcessor - For additional web related logging consider setting the 'logging.level.web' property to 'DEBUG'
2023-05-19 00:11:46 [restartedMain] INFO  o.s.d.r.c.RepositoryConfigurationDelegate - Bootstrapping Spring Data MongoDB repositories in DEFAULT mode.
2023-05-19 00:11:46 [restartedMain] INFO  o.s.d.r.c.RepositoryConfigurationDelegate - Finished Spring Data repository scanning in 65 ms. Found 3 MongoDB repository interfaces.
2023-05-19 00:11:47 [restartedMain] INFO  o.s.b.w.e.tomcat.TomcatWebServer - Tomcat initialized with port(s): 8080 (http)
2023-05-19 00:11:47 [restartedMain] INFO  o.a.catalina.core.StandardService - Starting service [Tomcat]
2023-05-19 00:11:47 [restartedMain] INFO  o.a.catalina.core.StandardEngine - Starting Servlet engine: [Apache Tomcat/9.0.75]
2023-05-19 00:11:47 [restartedMain] INFO  o.a.c.c.C.[Tomcat].[localhost].[/] - Initializing Spring embedded WebApplicationContext
2023-05-19 00:11:47 [restartedMain] INFO  o.s.b.w.s.c.ServletWebServerApplicationContext - Root WebApplicationContext: initialization completed in 1399 ms
2023-05-19 00:11:47 [restartedMain] INFO  org.mongodb.driver.client - MongoClient with metadata {"driver": {"name": "mongo-java-driver|sync|spring-boot", "version": "4.6.1"}, "os": {"type": "Windows", "name": "Windows 11", "architecture": "amd64", "version": "10.0"}, "platform": "Java/Oracle Corporation/17.0.4.1+1-LTS-2"} created with settings MongoClientSettings{readPreference=primary, writeConcern=WriteConcern{w=null, wTimeout=null ms, journal=null}, retryWrites=true, retryReads=true, readConcern=ReadConcern{level=null}, credential=null, streamFactoryFactory=null, commandListeners=[], codecRegistry=ProvidersCodecRegistry{codecProviders=[ValueCodecProvider{}, BsonValueCodecProvider{}, DBRefCodecProvider{}, DBObjectCodecProvider{}, DocumentCodecProvider{}, IterableCodecProvider{}, MapCodecProvider{}, GeoJsonCodecProvider{}, GridFSFileCodecProvider{}, Jsr310CodecProvider{}, JsonObjectCodecProvider{}, BsonCodecProvider{}, EnumCodecProvider{}, com.mongodb.Jep395RecordCodecProvider@4aa226fb]}, clusterSettings={hosts=[localhost:27017], srvServiceName=mongodb, mode=SINGLE, requiredClusterType=UNKNOWN, requiredReplicaSetName='null', serverSelector='null', clusterListeners='[]', serverSelectionTimeout='30000 ms', localThreshold='30000 ms'}, socketSettings=SocketSettings{connectTimeoutMS=10000, readTimeoutMS=0, receiveBufferSize=0, sendBufferSize=0}, heartbeatSocketSettings=SocketSettings{connectTimeoutMS=10000, readTimeoutMS=10000, receiveBufferSize=0, sendBufferSize=0}, connectionPoolSettings=ConnectionPoolSettings{maxSize=100, minSize=0, maxWaitTimeMS=120000, maxConnectionLifeTimeMS=0, maxConnectionIdleTimeMS=0, maintenanceInitialDelayMS=0, maintenanceFrequencyMS=60000, connectionPoolListeners=[], maxConnecting=2}, serverSettings=ServerSettings{heartbeatFrequencyMS=10000, minHeartbeatFrequencyMS=500, serverListeners='[]', serverMonitorListeners='[]'}, sslSettings=SslSettings{enabled=false, invalidHostNameAllowed=false, context=null}, applicationName='null', compressorList=[], uuidRepresentation=JAVA_LEGACY, serverApi=null, autoEncryptionSettings=null, contextProvider=null}
2023-05-19 00:11:47 [cluster-rtt-ClusterId{value='64665c53c928da34c46cf039', description='null'}-localhost:27017] INFO  org.mongodb.driver.connection - Opened connection [connectionId{localValue:2, serverValue:38}] to localhost:27017
2023-05-19 00:11:47 [cluster-ClusterId{value='64665c53c928da34c46cf039', description='null'}-localhost:27017] INFO  org.mongodb.driver.connection - Opened connection [connectionId{localValue:1, serverValue:37}] to localhost:27017
2023-05-19 00:11:47 [cluster-ClusterId{value='64665c53c928da34c46cf039', description='null'}-localhost:27017] INFO  org.mongodb.driver.cluster - Monitor thread successfully connected to server with description ServerDescription{address=localhost:27017, type=STANDALONE, state=CONNECTED, ok=true, minWireVersion=0, maxWireVersion=17, maxDocumentSize=16777216, logicalSessionTimeoutMinutes=30, roundTripTimeNanos=22461500}
2023-05-19 00:11:48 [restartedMain] INFO  o.s.b.d.a.OptionalLiveReloadServer - LiveReload server is running on port 35729
2023-05-19 00:11:48 [restartedMain] INFO  o.s.s.web.DefaultSecurityFilterChain - Will secure any request with [org.springframework.security.web.session.DisableEncodeUrlFilter@5ed6cacf, org.springframework.security.web.context.request.async.WebAsyncManagerIntegrationFilter@23790d72, org.springframework.security.web.context.SecurityContextPersistenceFilter@44097998, org.springframework.security.web.header.HeaderWriterFilter@74f64dd, org.springframework.security.web.authentication.logout.LogoutFilter@51ecc973, com.example.hotellove.securities.JwtTokenFilter@7b8f88a3, org.springframework.security.web.savedrequest.RequestCacheAwareFilter@26b1216a, org.springframework.security.web.servletapi.SecurityContextHolderAwareRequestFilter@605232c7, org.springframework.security.web.authentication.AnonymousAuthenticationFilter@60a90373, org.springframework.security.web.session.SessionManagementFilter@63068109, org.springframework.security.web.access.ExceptionTranslationFilter@a5f6ea8, org.springframework.security.web.access.intercept.AuthorizationFilter@5365c6e9]
2023-05-19 00:11:48 [restartedMain] INFO  o.s.b.w.e.tomcat.TomcatWebServer - Tomcat started on port(s): 8080 (http) with context path ''
2023-05-19 00:11:48 [restartedMain] INFO  c.e.hotellove.HotelLoveApplication - Started HotelLoveApplication in 3.182 seconds (JVM running for 3.954)
2023-05-19 00:11:48 [restartedMain] INFO  org.mongodb.driver.connection - Opened connection [connectionId{localValue:3, serverValue:39}] to localhost:27017
2023-05-19 00:11:53 [http-nio-8080-exec-2] INFO  o.a.c.c.C.[Tomcat].[localhost].[/] - Initializing Spring DispatcherServlet 'dispatcherServlet'
2023-05-19 00:11:53 [http-nio-8080-exec-2] INFO  o.s.web.servlet.DispatcherServlet - Initializing Servlet 'dispatcherServlet'
2023-05-19 00:11:53 [http-nio-8080-exec-2] INFO  o.s.web.servlet.DispatcherServlet - Completed initialization in 1 ms
2023-05-19 00:11:53 [http-nio-8080-exec-2] WARN  o.s.w.s.m.a.ResponseStatusExceptionResolver - Resolved [com.example.hotellove.exceptions.InvalidException: Email Phong Thường đã tồn tại]
